# JRE version: OpenJDK Runtime Environment (11.0.11+9) (build 11.0.11+9-b60-7590822)
# Java VM: OpenJDK 64-Bit Server VM (11.0.11+9-b60-7590822, mixed mode, tiered, compressed oops, g1 gc, windows-amd64)
Heap:
 garbage-first heap   total 262144K, used 102421K [0x0000000080000000, 0x0000000100000000)
  region size 1024K, 27 young (27648K), 13 survivors (13312K)
 Metaspace       used 101214K, capacity 103547K, committed 103756K, reserved 1138688K
  class space    used 12812K, capacity 13688K, committed 13696K, reserved 1048576K
GC Heap History (20 events):
Event: 3.407 GC heap before
{Heap before GC invocations=5 (full 0):
 garbage-first heap   total 262144K, used 95510K [0x0000000080000000, 0x0000000100000000)
  region size 1024K, 86 young (88064K), 9 survivors (9216K)
 Metaspace       used 28304K, capacity 28869K, committed 29184K, reserved 1075200K
  class space    used 3751K, capacity 3975K, committed 4096K, reserved 1048576K
}
Event: 3.413 GC heap after
{Heap after GC invocations=6 (full 0):
 garbage-first heap   total 262144K, used 19950K [0x0000000080000000, 0x0000000100000000)
  region size 1024K, 8 young (8192K), 8 survivors (8192K)
 Metaspace       used 28304K, capacity 28869K, committed 29184K, reserved 1075200K
  class space    used 3751K, capacity 3975K, committed 4096K, reserved 1048576K
}
Event: 3.897 GC heap before
{Heap before GC invocations=6 (full 0):
 garbage-first heap   total 262144K, used 51694K [0x0000000080000000, 0x0000000100000000)
  region size 1024K, 40 young (40960K), 8 survivors (8192K)
 Metaspace       used 34994K, capacity 35802K, committed 35840K, reserved 1081344K
  class space    used 4535K, capacity 4863K, committed 4864K, reserved 1048576K
}
Event: 3.905 GC heap after
{Heap after GC invocations=7 (full 0):
 garbage-first heap   total 262144K, used 22942K [0x0000000080000000, 0x0000000100000000)
  region size 1024K, 6 young (6144K), 6 survivors (6144K)
 Metaspace       used 34994K, capacity 35802K, committed 35840K, reserved 1081344K
  class space    used 4535K, capacity 4863K, committed 4864K, reserved 1048576K
}
Event: 4.863 GC heap before
{Heap before GC invocations=8 (full 0):
 garbage-first heap   total 262144K, used 127390K [0x0000000080000000, 0x0000000100000000)
  region size 1024K, 105 young (107520K), 6 survivors (6144K)
 Metaspace       used 43659K, capacity 44696K, committed 44928K, reserved 1087488K
  class space    used 5560K, capacity 5914K, committed 6016K, reserved 1048576K
}
Event: 4.873 GC heap after
{Heap after GC invocations=9 (full 0):
 garbage-first heap   total 262144K, used 29594K [0x0000000080000000, 0x0000000100000000)
  region size 1024K, 13 young (13312K), 13 survivors (13312K)
 Metaspace       used 43659K, capacity 44696K, committed 44928K, reserved 1087488K
  class space    used 5560K, capacity 5914K, committed 6016K, reserved 1048576K
}
Event: 6.614 GC heap before
{Heap before GC invocations=9 (full 0):
 garbage-first heap   total 262144K, used 158618K [0x0000000080000000, 0x0000000100000000)
  region size 1024K, 130 young (133120K), 13 survivors (13312K)
 Metaspace       used 51091K, capacity 52410K, committed 52608K, reserved 1095680K
  class space    used 6483K, capacity 6976K, committed 7040K, reserved 1048576K
}
Event: 6.631 GC heap after
{Heap after GC invocations=10 (full 0):
 garbage-first heap   total 262144K, used 48920K [0x0000000080000000, 0x0000000100000000)
  region size 1024K, 17 young (17408K), 17 survivors (17408K)
 Metaspace       used 51091K, capacity 52410K, committed 52608K, reserved 1095680K
  class space    used 6483K, capacity 6976K, committed 7040K, reserved 1048576K
}
Event: 7.336 GC heap before
{Heap before GC invocations=10 (full 0):
 garbage-first heap   total 262144K, used 102168K [0x0000000080000000, 0x0000000100000000)
  region size 1024K, 70 young (71680K), 17 survivors (17408K)
 Metaspace       used 58699K, capacity 60031K, committed 60160K, reserved 1101824K
  class space    used 7394K, capacity 7911K, committed 7936K, reserved 1048576K
}
Event: 7.353 GC heap after
{Heap after GC invocations=11 (full 0):
 garbage-first heap   total 262144K, used 52024K [0x0000000080000000, 0x0000000100000000)
  region size 1024K, 3 young (3072K), 3 survivors (3072K)
 Metaspace       used 58699K, capacity 60031K, committed 60160K, reserved 1101824K
  class space    used 7394K, capacity 7911K, committed 7936K, reserved 1048576K
}
Event: 9.068 GC heap before
{Heap before GC invocations=12 (full 0):
 garbage-first heap   total 262144K, used 168760K [0x0000000080000000, 0x0000000100000000)
  region size 1024K, 117 young (119808K), 3 survivors (3072K)
 Metaspace       used 68242K, capacity 69810K, committed 70092K, reserved 1110016K
  class space    used 8592K, capacity 9171K, committed 9216K, reserved 1048576K
}
Event: 9.079 GC heap after
{Heap after GC invocations=13 (full 0):
 garbage-first heap   total 262144K, used 59929K [0x0000000080000000, 0x0000000100000000)
  region size 1024K, 11 young (11264K), 11 survivors (11264K)
 Metaspace       used 68242K, capacity 69810K, committed 70092K, reserved 1110016K
  class space    used 8592K, capacity 9171K, committed 9216K, reserved 1048576K
}
Event: 10.669 GC heap before
{Heap before GC invocations=14 (full 0):
 garbage-first heap   total 262144K, used 177689K [0x0000000080000000, 0x0000000100000000)
  region size 1024K, 126 young (129024K), 11 survivors (11264K)
 Metaspace       used 79631K, capacity 81306K, committed 81484K, reserved 1120256K
  class space    used 10194K, capacity 10870K, committed 10880K, reserved 1048576K
}
Event: 10.683 GC heap after
{Heap after GC invocations=15 (full 0):
 garbage-first heap   total 262144K, used 68008K [0x0000000080000000, 0x0000000100000000)
  region size 1024K, 9 young (9216K), 9 survivors (9216K)
 Metaspace       used 79631K, capacity 81306K, committed 81484K, reserved 1120256K
  class space    used 10194K, capacity 10870K, committed 10880K, reserved 1048576K
}
Event: 13.681 GC heap before
{Heap before GC invocations=15 (full 0):
 garbage-first heap   total 262144K, used 184744K [0x0000000080000000, 0x0000000100000000)
  region size 1024K, 124 young (126976K), 9 survivors (9216K)
 Metaspace       used 87542K, capacity 89530K, committed 89804K, reserved 1126400K
  class space    used 11219K, capacity 11977K, committed 12032K, reserved 1048576K
}
Event: 13.692 GC heap after
{Heap after GC invocations=16 (full 0):
 garbage-first heap   total 262144K, used 76597K [0x0000000080000000, 0x0000000100000000)
  region size 1024K, 16 young (16384K), 16 survivors (16384K)
 Metaspace       used 87542K, capacity 89530K, committed 89804K, reserved 1126400K
  class space    used 11219K, capacity 11977K, committed 12032K, reserved 1048576K
}
Event: 14.868 GC heap before
{Heap before GC invocations=16 (full 0):
 garbage-first heap   total 262144K, used 192309K [0x0000000080000000, 0x0000000100000000)
  region size 1024K, 130 young (133120K), 16 survivors (16384K)
 Metaspace       used 92472K, capacity 94534K, committed 94796K, reserved 1132544K
  class space    used 11810K, capacity 12587K, committed 12672K, reserved 1048576K
}
Event: 14.884 GC heap after
{Heap after GC invocations=17 (full 0):
 garbage-first heap   total 262144K, used 84090K [0x0000000080000000, 0x0000000100000000)
  region size 1024K, 8 young (8192K), 8 survivors (8192K)
 Metaspace       used 92472K, capacity 94534K, committed 94796K, reserved 1132544K
  class space    used 11810K, capacity 12587K, committed 12672K, reserved 1048576K
}
Event: 23.931 GC heap before
{Heap before GC invocations=17 (full 0):
 garbage-first heap   total 262144K, used 197754K [0x0000000080000000, 0x0000000100000000)
  region size 1024K, 120 young (122880K), 8 survivors (8192K)
 Metaspace       used 98545K, capacity 100921K, committed 101068K, reserved 1136640K
  class space    used 12591K, capacity 13496K, committed 13568K, reserved 1048576K
}
Event: 23.941 GC heap after
{Heap after GC invocations=18 (full 0):
 garbage-first heap   total 262144K, used 89109K [0x0000000080000000, 0x0000000100000000)
  region size 1024K, 13 young (13312K), 13 survivors (13312K)
 Metaspace       used 98545K, capacity 100921K, committed 101068K, reserved 1136640K
  class space    used 12591K, capacity 13496K, committed 13568K, reserved 1048576K
}

